Replace Part 12V Header 2 in C:\Users\Public\Documents\Altium\Projects\GWNv3\Feedback.SchDoc with Header 2 from Miscellaneous Connectors.IntLib
Replace Part ADC Header 4 in C:\Users\Public\Documents\Altium\Projects\GWNv3\Feedback.SchDoc with Header 4 from Miscellaneous Connectors.IntLib
Replace Part C6 Cap Semi in C:\Users\Public\Documents\Altium\Projects\GWNv3\Feedback.SchDoc with Cap Semi from Miscellaneous Devices.IntLib
Replace Part C7 Cap Semi in C:\Users\Public\Documents\Altium\Projects\GWNv3\Feedback.SchDoc with Cap Semi from Miscellaneous Devices.IntLib
Replace Part C8 Cap Semi in C:\Users\Public\Documents\Altium\Projects\GWNv3\Feedback.SchDoc with Cap Semi from Miscellaneous Devices.IntLib
Replace Part C9 Cap Semi in C:\Users\Public\Documents\Altium\Projects\GWNv3\Feedback.SchDoc with Cap Semi from Miscellaneous Devices.IntLib
Replace Part C10 Cap Semi in C:\Users\Public\Documents\Altium\Projects\GWNv3\Feedback.SchDoc with Cap Semi from Miscellaneous Devices.IntLib
Replace Part C11 Cap Semi in C:\Users\Public\Documents\Altium\Projects\GWNv3\Feedback.SchDoc with Cap Semi from Miscellaneous Devices.IntLib
Replace Part C12 Cap Semi in C:\Users\Public\Documents\Altium\Projects\GWNv3\Feedback.SchDoc with Cap Semi from Miscellaneous Devices.IntLib
Replace Part C13 Cap Semi in C:\Users\Public\Documents\Altium\Projects\GWNv3\Feedback.SchDoc with Cap Semi from Miscellaneous Devices.IntLib
Replace Part D2 LED2 in C:\Users\Public\Documents\Altium\Projects\GWNv3\Feedback.SchDoc with LED2 from Miscellaneous Devices.IntLib
Replace Part GND Header 2 in C:\Users\Public\Documents\Altium\Projects\GWNv3\Feedback.SchDoc with Header 2 from Miscellaneous Connectors.IntLib
Replace Part JMP1 Header 2 in C:\Users\Public\Documents\Altium\Projects\GWNv3\Feedback.SchDoc with Header 2 from Miscellaneous Connectors.IntLib
Replace Part R10 Res3 in C:\Users\Public\Documents\Altium\Projects\GWNv3\Feedback.SchDoc with Res3 from Miscellaneous Devices.IntLib
Replace Part R11 Res3 in C:\Users\Public\Documents\Altium\Projects\GWNv3\Feedback.SchDoc with Res3 from Miscellaneous Devices.IntLib
Replace Part R12 Res3 in C:\Users\Public\Documents\Altium\Projects\GWNv3\Feedback.SchDoc with Res3 from Miscellaneous Devices.IntLib
Replace Part R13 Res3 in C:\Users\Public\Documents\Altium\Projects\GWNv3\Feedback.SchDoc with Res3 from Miscellaneous Devices.IntLib
Replace Part R14 Res3 in C:\Users\Public\Documents\Altium\Projects\GWNv3\Feedback.SchDoc with Res3 from Miscellaneous Devices.IntLib
Replace Part R15 Res3 in C:\Users\Public\Documents\Altium\Projects\GWNv3\Feedback.SchDoc with Res3 from Miscellaneous Devices.IntLib
Replace Part U2 AP2204K-5.0TRG1 in C:\Users\Public\Documents\Altium\Projects\GWNv3\Feedback.SchDoc with AP2204K-5.0TRG1 from Vocore2Parts.SchLib
Replace Part U3 INA194AIDBVT in C:\Users\Public\Documents\Altium\Projects\GWNv3\Feedback.SchDoc with INA194AIDBVT from Vocore2Parts.SchLib
Replace Part U4 LM4040DIM3-4_1 in C:\Users\Public\Documents\Altium\Projects\GWNv3\Feedback.SchDoc with LM4040DIM3-4_1 from Vocore2Parts.SchLib
Replace Part U5 ADC141S628QIMMX/NOPB in C:\Users\Public\Documents\Altium\Projects\GWNv3\Feedback.SchDoc with ADC141S628QIMMX/NOPB from Vocore2Parts.SchLib
Replace Part U6 ADC141S628QIMMX/NOPB in C:\Users\Public\Documents\Altium\Projects\GWNv3\Feedback.SchDoc with ADC141S628QIMMX/NOPB from Vocore2Parts.SchLib
