Removed Pin From Net: NetName=3V3_L Pin=P1-1
Removed Pin From Net: NetName=P0_R+ Pin=P1-5
Removed Pin From Net: NetName=P0_R- Pin=P1-6
Removed Pin From Net: NetName=P0_T+ Pin=P1-7
Removed Pin From Net: NetName=P0_T- Pin=P1-8
Removed Pin From Net: NetName=TXD2 Pin=P1-9
Removed Pin From Net: NetName=RXD2 Pin=P1-10
Removed Pin From Net: NetName=GND Pin=P2-1
Removed Pin From Net: NetName=SD0 Pin=P2-2
Removed Pin From Net: NetName=SD1 Pin=P2-3
Removed Pin From Net: NetName=SD2 Pin=P2-4
Removed Pin From Net: NetName=SD3 Pin=P2-5
Removed Pin From Net: NetName=SD4 Pin=P2-6
Removed Pin From Net: NetName=SD5 Pin=P2-7
Removed Pin From Net: NetName=3V3B Pin=P2-8
Removed Pin From Net: NetName=5V_MCU Pin=P2-11
Removed Pin From Net: NetName=5V_MCU Pin=P2-12
Removed Pin From Net: NetName=GND Pin=P2-13
Removed Pin From Net: NetName=GND Pin=P2-14
Removed Member From Class: ClassName=MCU Member=P1
Removed Member From Class: ClassName=MCU Member=P2
