Removed Pin From Net: NetName=12V Pin=12V-1
Removed Pin From Net: NetName=12V Pin=12V-2
Removed Pin From Net: NetName=ADC_I Pin=ADC-2
Removed Pin From Net: NetName=SCLK Pin=ADC-3
Removed Pin From Net: NetName=CSB Pin=ADC-4
Removed Pin From Net: NetName=GND Pin=AGND-1
Removed Pin From Net: NetName=GND Pin=AGND-2
Removed Pin From Net: NetName=5V_MCU Pin=C8-1
Removed Pin From Net: NetName=5V_MCU Pin=C12-1
Removed Pin From Net: NetName=5V_MCU Pin=C13-1
Removed Pin From Net: NetName=GND Pin=C14-1
Removed Pin From Net: NetName=GND Pin=J6-2
Removed Pin From Net: NetName=GND Pin=J6-3
Removed Pin From Net: NetName=GND Pin=J10-G1-1
Removed Pin From Net: NetName=GND Pin=J10-G1-2
Removed Pin From Net: NetName=GND Pin=J10-G1
Removed Pin From Net: NetName=GND Pin=J10-G2-1
Removed Pin From Net: NetName=GND Pin=J10-G2-2
Removed Pin From Net: NetName=GND Pin=J10-G2
Removed Pin From Net: NetName=NetC16_1 Pin=JMP4-1
Removed Pin From Net: NetName=NetC22_2 Pin=JMP4-2
Removed Pin From Net: NetName=NetC23_1 Pin=JMP5-1
Removed Pin From Net: NetName=NetC28_1 Pin=JMP5-2
Removed Pin From Net: NetName=5V_MCU Pin=R11-2
Removed Pin From Net: NetName=5V_MCU Pin=R12-2
Removed Pin From Net: NetName=5V_MCU Pin=R14-1
Removed Pin From Net: NetName=5V_MCU Pin=U3-3
Removed Pin From Net: NetName=5V_MCU Pin=U3-5
Removed Pin From Net: NetName=5V_MCU Pin=U5-9
Removed Pin From Net: NetName=5V_MCU Pin=U5-10
Removed Pin From Net: NetName=5V_MCU Pin=U6-9
Removed Pin From Net: NetName=5V_MCU Pin=U6-10
Removed Pin From Net: NetName=VDD2 Pin=VDD2-1
Removed Pin From Net: NetName=VDD2 Pin=VDD2-2
Removed Member From Class: ClassName=Feedback Member=12V
Removed Member From Class: ClassName=Feedback Member=ADC
Removed Member From Class: ClassName=RF Member=AGND
Removed Member From Class: ClassName=RF Member=C14
Removed Member From Class: ClassName=RF Member=C30
Removed Member From Class: ClassName=RF Member=J6
Removed Member From Class: ClassName=RF Member=J8
Removed Member From Class: ClassName=RF Member=J10
Removed Member From Class: ClassName=RF Member=J12
Removed Member From Class: ClassName=RF Member=JMP4
Removed Member From Class: ClassName=RF Member=JMP5
Removed Member From Class: ClassName=RF Member=JMP6
Removed Member From Class: ClassName=RF Member=L5
Removed Member From Class: ClassName=RF Member=RB1
Removed Member From Class: ClassName=RF Member=U11
Removed Member From Class: ClassName=RF Member=VDD1
Removed Member From Class: ClassName=RF Member=VDD2
Removed Member From Class: ClassName=RF Member=VDD3
Change Component Designator: OldDesignator=C8 NewDesignator=C9
Change Component Designator: OldDesignator=C9 NewDesignator=C10
Change Component Designator: OldDesignator=C10 NewDesignator=C11
Change Component Designator: OldDesignator=C11 NewDesignator=C12
Change Component Designator: OldDesignator=C12 NewDesignator=C13
Change Component Designator: OldDesignator=C13 NewDesignator=C14
Change Component Designator: OldDesignator=C16 NewDesignator=C15
Change Component Designator: OldDesignator=C18 NewDesignator=C16
Change Component Designator: OldDesignator=C19 NewDesignator=C18
Change Component Designator: OldDesignator=C20 NewDesignator=C19
Change Component Designator: OldDesignator=C21 NewDesignator=C20
Change Component Designator: OldDesignator=C22 NewDesignator=C21
Change Component Designator: OldDesignator=C23 NewDesignator=C22
Change Component Designator: OldDesignator=C24 NewDesignator=C23
Change Component Designator: OldDesignator=C25 NewDesignator=C24
Change Component Designator: OldDesignator=C26 NewDesignator=C25
Change Component Designator: OldDesignator=C27 NewDesignator=C26
Change Component Designator: OldDesignator=C28 NewDesignator=C27
Change Component Designator: OldDesignator=C29 NewDesignator=C28
Change Component Designator: OldDesignator=C30 NewDesignator=C29
Change Component Designator: OldDesignator=J5 NewDesignator=J6
Change Component Designator: OldDesignator=J8 NewDesignator=J9
Change Component Designator: OldDesignator=J9 NewDesignator=J10
Change Component Designator: OldDesignator=J12 NewDesignator=J13
Change Component Designator: OldDesignator=L2 NewDesignator=L1
Change Component Designator: OldDesignator=L4 NewDesignator=L2
Change Component Designator: OldDesignator=L5 NewDesignator=L4
Change Component Designator: OldDesignator=U3 NewDesignator=U4
Change Component Designator: OldDesignator=U7 NewDesignator=U8
Change Component Designator: OldDesignator=U8 NewDesignator=U7
Added Component: Designator=C8(C1206)
Add component. Clean all parameters for all variants
Add component (AddParameter): Name = "LatestRevisionDate"; Value = "29-May-2009"; VariantName = "[No Variations]"
Add component (AddParameter): Name = "LatestRevisionNote"; Value = "IPC-7351 Footprint Added."; VariantName = "[No Variations]"
Add component (AddParameter): Name = "PackageDescription"; Value = "Chip Capacitor"; VariantName = "[No Variations]"
Add component (AddParameter): Name = "PackageReference"; Value = "C1206"; VariantName = "[No Variations]"
Add component (AddParameter): Name = "Published"; Value = "8-Jun-2000"; VariantName = "[No Variations]"
Add component (AddParameter): Name = "Publisher"; Value = "Altium Limited"; VariantName = "[No Variations]"
Add component (AddParameter): Name = "Value"; Value = "2.2nF"; VariantName = "[No Variations]"
Added Component: Designator=C30(CAPC0603(1608)100_L)
Add component. Clean all parameters for all variants
Add component (AddParameter): Name = "Case-EIA"; Value = "0603"; VariantName = "[No Variations]"
Add component (AddParameter): Name = "Case-Metric"; Value = "1608"; VariantName = "[No Variations]"
Add component (AddParameter): Name = "Max Thickness"; Value = "1 mm"; VariantName = "[No Variations]"
Add component (AddParameter): Name = "Rated Voltage"; Value = "6.3 V"; VariantName = "[No Variations]"
Add component (AddParameter): Name = "Technology"; Value = "SMT"; VariantName = "[No Variations]"
Add component (AddParameter): Name = "Tolerance"; Value = "±10%"; VariantName = "[No Variations]"
Add component (AddParameter): Name = "Value"; Value = "10nF"; VariantName = "[No Variations]"
Added Component: Designator=C31(CAPC1608X90X35LL10T15)
Add component. Clean all parameters for all variants
Add component (AddParameter): Name = "Manufacturer"; Value = "Murata"; VariantName = "[No Variations]"
Add component (AddParameter): Name = "Part Number"; Value = "GRM1885C1H1R0CA01D"; VariantName = "[No Variations]"
Add component (AddParameter): Name = "Value"; Value = "1pF"; VariantName = "[No Variations]"
Added Component: Designator=J5(KLD-0202)
Add component. Clean all parameters for all variants
Add component (AddParameter): Name = "ComponentLink1Description"; Value = "Manufacturer Link"; VariantName = "[No Variations]"
Add component (AddParameter): Name = "ComponentLink1URL"; Value = "http://domino.kycon.com/internet/Products.html"; VariantName = "[No Variations]"
Add component (AddParameter): Name = "DatasheetDocument"; Value = "09-May-2002"; VariantName = "[No Variations]"
Add component (AddParameter): Name = "Published"; Value = "17-Dec-2003"; VariantName = "[No Variations]"
Add component (AddParameter): Name = "Publisher"; Value = "Altium Limited"; VariantName = "[No Variations]"
Added Component: Designator=J8(TE_1909763-1)
Add component. Clean all parameters for all variants
Add component (AddParameter): Name = "Availability"; Value = "Good"; VariantName = "[No Variations]"
Add component (AddParameter): Name = "MF"; Value = "TE Connectivity"; VariantName = "[No Variations]"
Add component (AddParameter): Name = "MP"; Value = "1909763-1"; VariantName = "[No Variations]"
Add component (AddParameter): Name = "Number_of_Positions"; Value = "1"; VariantName = "[No Variations]"
Add component (AddParameter): Name = "Package"; Value = "None"; VariantName = "[No Variations]"
Add component (AddParameter): Name = "Price"; Value = "0.28 USD"; VariantName = "[No Variations]"
Add component (AddParameter): Name = "Value"; Value = ""; VariantName = "[No Variations]"
Added Component: Designator=J12(AMPHENOL_901-10512-1_901-10512-1(Primary))
Add component. Clean all parameters for all variants
Add component (AddParameter): Name = "Availability"; Value = "Warning"; VariantName = "[No Variations]"
Add component (AddParameter): Name = "MF"; Value = "Amphenol RF"; VariantName = "[No Variations]"
Add component (AddParameter): Name = "MP"; Value = "901-10512-1"; VariantName = "[No Variations]"
Add component (AddParameter): Name = "Package"; Value = "None"; VariantName = "[No Variations]"
Add component (AddParameter): Name = "Price"; Value = "7.21 USD"; VariantName = "[No Variations]"
Add component (AddParameter): Name = "Value"; Value = ""; VariantName = "[No Variations]"
Added Component: Designator=L5(INDC1608L)
Add component. Clean all parameters for all variants
Add component (AddParameter): Name = "Manufacturer"; Value = "Murata"; VariantName = "[No Variations]"
Add component (AddParameter): Name = "Part Number"; Value = "LQG15WH1N2S02D"; VariantName = "[No Variations]"
Add component (AddParameter): Name = "Value"; Value = "1.2nH"; VariantName = "[No Variations]"
Added Component: Designator=U3(SOT95P280X145-5N)
Add component. Clean all parameters for all variants
Add component (AddParameter): Name = "Availability"; Value = "Good"; VariantName = "[No Variations]"
Add component (AddParameter): Name = "MF"; Value = "Diodes Inc."; VariantName = "[No Variations]"
Add component (AddParameter): Name = "MP"; Value = "AP2204K-5.0TRG1"; VariantName = "[No Variations]"
Add component (AddParameter): Name = "Package"; Value = "SOT-23-5 Diodes Inc."; VariantName = "[No Variations]"
Add component (AddParameter): Name = "Price"; Value = "0.20 USD"; VariantName = "[No Variations]"
Add component (AddParameter): Name = "Value"; Value = ""; VariantName = "[No Variations]"
Added Pin To Net: NetName=5V_MCU Pin=C7-2
Added Pin To Net: NetName=GND Pin=C8-1
Added Pin To Net: NetName=VDD2 Pin=C8-2
Added Pin To Net: NetName=12V Pin=C9-1
Added Pin To Net: NetName=VDD2 Pin=C13-1
Added Pin To Net: NetName=VDD2 Pin=C14-1
Added Pin To Net: NetName=GND Pin=C30-1
Added Pin To Net: NetName=SCLK Pin=J1-4
Added Pin To Net: NetName=GND Pin=J5-2A
Added Pin To Net: NetName=GND Pin=J5-2B
Added Pin To Net: NetName=GND Pin=J5-2
Added Pin To Net: NetName=GND Pin=J8-2
Added Pin To Net: NetName=GND Pin=J8-3
Added Pin To Net: NetName=GND Pin=J12-G1-1
Added Pin To Net: NetName=GND Pin=J12-G1-2
Added Pin To Net: NetName=GND Pin=J12-G1
Added Pin To Net: NetName=GND Pin=J12-G2-1
Added Pin To Net: NetName=GND Pin=J12-G2-2
Added Pin To Net: NetName=GND Pin=J12-G2
Added Pin To Net: NetName=VDD2 Pin=L1-2
Added Pin To Net: NetName=VDD2 Pin=L5-2
Added Pin To Net: NetName=VDD2 Pin=R11-2
Added Pin To Net: NetName=12V Pin=R12-2
Added Pin To Net: NetName=VDD2 Pin=R14-1
Added Pin To Net: NetName=VDD2 Pin=RB1-CCW
Added Pin To Net: NetName=VDD2 Pin=RB2-CCW
Added Pin To Net: NetName=VDD2 Pin=RB3A-CW
Added Pin To Net: NetName=VDD2 Pin=RB3B-CW
Added Pin To Net: NetName=5V_MCU Pin=U2-5
Added Pin To Net: NetName=12V Pin=U3-1
Added Pin To Net: NetName=GND Pin=U3-2
Added Pin To Net: NetName=12V Pin=U3-3
Added Pin To Net: NetName=VDD2 Pin=U3-5
Added Pin To Net: NetName=12V Pin=U4-3
Added Pin To Net: NetName=12V Pin=U4-5
Added Pin To Net: NetName=VDD2 Pin=U5-9
Added Pin To Net: NetName=VDD2 Pin=U5-10
Added Pin To Net: NetName=VDD2 Pin=U6-9
Added Pin To Net: NetName=VDD2 Pin=U6-10
Change Net Name : Old Net Name=NetC9_2 New Net Name=NetC10_2
Change Net Name : Old Net Name=NetC16_1 New Net Name=NetC15_1
Change Net Name : Old Net Name=NetC16_2 New Net Name=NetC15_2
Change Net Name : Old Net Name=NetC18_2 New Net Name=NetC16_2
Change Net Name : Old Net Name=NetC19_2 New Net Name=NetC18_2
Change Net Name : Old Net Name=NetC22_1 New Net Name=NetC21_1
Change Net Name : Old Net Name=NetC22_2 New Net Name=NetC21_2
Change Net Name : Old Net Name=NetC23_1 New Net Name=NetC22_1
Change Net Name : Old Net Name=NetC23_2 New Net Name=NetC22_2
Change Net Name : Old Net Name=NetC24_2 New Net Name=NetC23_2
Change Net Name : Old Net Name=NetC27_2 New Net Name=NetC26_2
Change Net Name : Old Net Name=NetC28_1 New Net Name=NetC27_1
Change Net Name : Old Net Name=NetC28_2 New Net Name=NetC27_2
Change Net Name : Old Net Name=NetJ8_1 New Net Name=NetJ9_1
Change Net Name : Old Net Name=VDD2 New Net Name=5V_RF
Added Pin To Net: NetName=ADC_V Pin=J1-3
Added Pin To Net: NetName=ADC_V Pin=U5-7
Added Net: Name=ADC_V
Added Pin To Net: NetName=NetC30_2 Pin=C30-2
Added Pin To Net: NetName=NetC30_2 Pin=RB1-W
Added Pin To Net: NetName=NetC30_2 Pin=U11-4
Added Net: Name=NetC30_2
Added Pin To Net: NetName=NetC31_1 Pin=C31-1
Added Pin To Net: NetName=NetC31_1 Pin=J8-1
Added Net: Name=NetC31_1
Added Pin To Net: NetName=NetC31_2 Pin=C31-2
Added Pin To Net: NetName=NetC31_2 Pin=L5-1
Added Pin To Net: NetName=NetC31_2 Pin=U11-7
Added Net: Name=NetC31_2
Added Pin To Net: NetName=NetJ5_1 Pin=J5-1
Added Pin To Net: NetName=NetJ5_1 Pin=J5-1A
Added Pin To Net: NetName=NetJ5_1 Pin=J5-1B
Added Pin To Net: NetName=NetJ5_1 Pin=R12-1
Added Pin To Net: NetName=NetJ5_1 Pin=U4-4
Added Net: Name=NetJ5_1
Added Pin To Net: NetName=NetJ5_3 Pin=J5-3
Added Pin To Net: NetName=NetJ5_3 Pin=J5-3A
Added Pin To Net: NetName=NetJ5_3 Pin=J5-3B
Added Net: Name=NetJ5_3
Added Pin To Net: NetName=NetJ12_1 Pin=J12-1
Added Pin To Net: NetName=NetJ12_1 Pin=U11-2
Added Net: Name=NetJ12_1
Added Class: Name=BridgeRF
Added Member To Class: ClassName=Feedback Member=Component C14 Cap
Added Member To Class: ClassName=Feedback Member=Component J5 PWR2.5
Added Member To Class: ClassName=Feedback Member=Component U4 INA194AIDBVT
Added Room: Name=BridgeRF
