Replace Part C1 Cap Semi in C:\Users\Public\Documents\Altium\Projects\GWNv3\MCU.SchDoc with Cap Semi from Miscellaneous Devices.IntLib
Replace Part C2 Cap Semi in C:\Users\Public\Documents\Altium\Projects\GWNv3\MCU.SchDoc with Cap Semi from Miscellaneous Devices.IntLib
Replace Part C3A Cap Semi in C:\Users\Public\Documents\Altium\Projects\GWNv3\MCU.SchDoc with Cap Semi from Miscellaneous Devices.IntLib
Replace Part C3B Cap Semi in C:\Users\Public\Documents\Altium\Projects\GWNv3\MCU.SchDoc with Cap Semi from Miscellaneous Devices.IntLib
Replace Part C4 Cap Semi in C:\Users\Public\Documents\Altium\Projects\GWNv3\MCU.SchDoc with Cap Semi from Miscellaneous Devices.IntLib
Replace Part C5 Cap Semi in C:\Users\Public\Documents\Altium\Projects\GWNv3\MCU.SchDoc with Cap Semi from Miscellaneous Devices.IntLib
Replace Part D1 LED2 in C:\Users\Public\Documents\Altium\Projects\GWNv3\MCU.SchDoc with LED2 from Miscellaneous Devices.IntLib
Replace Part J1 Vocore2_Pins in C:\Users\Public\Documents\Altium\Projects\GWNv3\MCU.SchDoc with Vocore2_Pins from Vocore2Parts.SchLib
Replace Part J1 Vocore2_Pins in C:\Users\Public\Documents\Altium\Projects\GWNv3\MCU.SchDoc with Vocore2_Pins from Vocore2Parts.SchLib
Replace Part J1 Vocore2_Pins in C:\Users\Public\Documents\Altium\Projects\GWNv3\MCU.SchDoc with Vocore2_Pins from Vocore2Parts.SchLib
Replace Part J1 Vocore2_Pins in C:\Users\Public\Documents\Altium\Projects\GWNv3\MCU.SchDoc with Vocore2_Pins from Vocore2Parts.SchLib
Replace Part J2 J0011D01BNL in C:\Users\Public\Documents\Altium\Projects\GWNv3\MCU.SchDoc with J0011D01BNL from Vocore2Parts.SchLib
Replace Part J3 USB-5-6SHLD in C:\Users\Public\Documents\Altium\Projects\GWNv3\MCU.SchDoc with USB-5-6SHLD from Altium Content Vault
Replace Part J4 104031-0811 in C:\Users\Public\Documents\Altium\Projects\GWNv3\MCU.SchDoc with 104031-0811 from Vocore2Parts.SchLib
Replace Part JMP2 Header 2 in C:\Users\Public\Documents\Altium\Projects\GWNv3\MCU.SchDoc with Header 2 from Miscellaneous Connectors.IntLib
Replace Part P1 Header 16 in C:\Users\Public\Documents\Altium\Projects\GWNv3\MCU.SchDoc with Header 16 from Miscellaneous Connectors.IntLib
Replace Part P2 Header 14 in C:\Users\Public\Documents\Altium\Projects\GWNv3\MCU.SchDoc with Header 14 from Miscellaneous Connectors.IntLib
Replace Part P3 Header 15 in C:\Users\Public\Documents\Altium\Projects\GWNv3\MCU.SchDoc with Header 15 from Miscellaneous Connectors.IntLib
Replace Part P4 Header 12 in C:\Users\Public\Documents\Altium\Projects\GWNv3\MCU.SchDoc with Header 12 from Miscellaneous Connectors.IntLib
Replace Part R0A Res3 in C:\Users\Public\Documents\Altium\Projects\GWNv3\MCU.SchDoc with Res3 from Miscellaneous Devices.IntLib
Replace Part R1 Res3 in C:\Users\Public\Documents\Altium\Projects\GWNv3\MCU.SchDoc with Res3 from Miscellaneous Devices.IntLib
Replace Part R2 Res3 in C:\Users\Public\Documents\Altium\Projects\GWNv3\MCU.SchDoc with Res3 from Miscellaneous Devices.IntLib
Replace Part R3 Res3 in C:\Users\Public\Documents\Altium\Projects\GWNv3\MCU.SchDoc with Res3 from Miscellaneous Devices.IntLib
Replace Part R4 Res3 in C:\Users\Public\Documents\Altium\Projects\GWNv3\MCU.SchDoc with Res3 from Miscellaneous Devices.IntLib
Replace Part R5 Res3 in C:\Users\Public\Documents\Altium\Projects\GWNv3\MCU.SchDoc with Res3 from Miscellaneous Devices.IntLib
Replace Part R6 Res3 in C:\Users\Public\Documents\Altium\Projects\GWNv3\MCU.SchDoc with Res3 from Miscellaneous Devices.IntLib
Replace Part R7 Res3 in C:\Users\Public\Documents\Altium\Projects\GWNv3\MCU.SchDoc with Res3 from Miscellaneous Devices.IntLib
Replace Part R8 Res3 in C:\Users\Public\Documents\Altium\Projects\GWNv3\MCU.SchDoc with Res3 from Miscellaneous Devices.IntLib
Replace Part R9 Res3 in C:\Users\Public\Documents\Altium\Projects\GWNv3\MCU.SchDoc with Res3 from Miscellaneous Devices.IntLib
Replace Part U1 COM-UART-FT232R-IL28 in C:\Users\Public\Documents\Altium\Projects\GWNv3\MCU.SchDoc with COM-UART-FT232R-IL28 from Altium Content Vault
