Replace Part AGND Header 2 in C:\Users\Public\Documents\Altium\Projects\GWNv3\RF.SchDoc with Header 2 from Miscellaneous Connectors.IntLib
Replace Part C14 CAP in C:\Users\Public\Documents\Altium\Projects\GWNv3\RF.SchDoc with CAP from Altium Content Vault
Replace Part C15 CAP in C:\Users\Public\Documents\Altium\Projects\GWNv3\RF.SchDoc with CAP from Altium Content Vault
Replace Part C16 CAP in C:\Users\Public\Documents\Altium\Projects\GWNv3\RF.SchDoc with CAP from Altium Content Vault
Replace Part C17 CAP in C:\Users\Public\Documents\Altium\Projects\GWNv3\RF.SchDoc with CAP from Altium Content Vault
Replace Part C18 CAP in C:\Users\Public\Documents\Altium\Projects\GWNv3\RF.SchDoc with CAP from Altium Content Vault
Replace Part C19 Cap Semi in C:\Users\Public\Documents\Altium\Projects\GWNv3\RF.SchDoc with Cap Semi from Miscellaneous Devices.IntLib
Replace Part C20 CAP in C:\Users\Public\Documents\Altium\Projects\GWNv3\RF.SchDoc with CAP from Altium Content Vault
Replace Part C21 CAP in C:\Users\Public\Documents\Altium\Projects\GWNv3\RF.SchDoc with CAP from Altium Content Vault
Replace Part C22 CAP in C:\Users\Public\Documents\Altium\Projects\GWNv3\RF.SchDoc with CAP from Altium Content Vault
Replace Part C23 CAP in C:\Users\Public\Documents\Altium\Projects\GWNv3\RF.SchDoc with CAP from Altium Content Vault
Replace Part C24 CAP in C:\Users\Public\Documents\Altium\Projects\GWNv3\RF.SchDoc with CAP from Altium Content Vault
Replace Part C25 Cap Pol3 in C:\Users\Public\Documents\Altium\Projects\GWNv3\RF.SchDoc with Cap Pol3 from Miscellaneous Devices.IntLib
Replace Part C26 CAP in C:\Users\Public\Documents\Altium\Projects\GWNv3\RF.SchDoc with CAP from Altium Content Vault
Replace Part C27 CAP in C:\Users\Public\Documents\Altium\Projects\GWNv3\RF.SchDoc with CAP from Altium Content Vault
Replace Part C28 CAP in C:\Users\Public\Documents\Altium\Projects\GWNv3\RF.SchDoc with CAP from Altium Content Vault
Replace Part C29 CAP in C:\Users\Public\Documents\Altium\Projects\GWNv3\RF.SchDoc with CAP from Altium Content Vault
Replace Part C30 CAP in C:\Users\Public\Documents\Altium\Projects\GWNv3\RF.SchDoc with CAP from Altium Content Vault
Replace Part J5 1909763-1 in C:\Users\Public\Documents\Altium\Projects\GWNv3\RF.SchDoc with 1909763-1 from Vocore2Parts.SchLib
Replace Part J6 1909763-1 in C:\Users\Public\Documents\Altium\Projects\GWNv3\RF.SchDoc with 1909763-1 from Vocore2Parts.SchLib
Replace Part J7 1909763-1 in C:\Users\Public\Documents\Altium\Projects\GWNv3\RF.SchDoc with 1909763-1 from Vocore2Parts.SchLib
Replace Part J8 1909763-1 in C:\Users\Public\Documents\Altium\Projects\GWNv3\RF.SchDoc with 1909763-1 from Vocore2Parts.SchLib
Replace Part J9 901-10512-1 in C:\Users\Public\Documents\Altium\Projects\GWNv3\RF.SchDoc with 901-10512-1 from Vocore2Parts.SchLib
Replace Part J10 901-10512-1 in C:\Users\Public\Documents\Altium\Projects\GWNv3\RF.SchDoc with 901-10512-1 from Vocore2Parts.SchLib
Replace Part J11 901-10512-1 in C:\Users\Public\Documents\Altium\Projects\GWNv3\RF.SchDoc with 901-10512-1 from Vocore2Parts.SchLib
Replace Part J12 901-10512-1 in C:\Users\Public\Documents\Altium\Projects\GWNv3\RF.SchDoc with 901-10512-1 from Vocore2Parts.SchLib
Replace Part JMP4 Header 2 in C:\Users\Public\Documents\Altium\Projects\GWNv3\RF.SchDoc with Header 2 from Miscellaneous Connectors.IntLib
Replace Part JMP5 Header 2 in C:\Users\Public\Documents\Altium\Projects\GWNv3\RF.SchDoc with Header 2 from Miscellaneous Connectors.IntLib
Replace Part JMP6 Header 2 in C:\Users\Public\Documents\Altium\Projects\GWNv3\RF.SchDoc with Header 2 from Miscellaneous Connectors.IntLib
Replace Part L1 Inductor in C:\Users\Public\Documents\Altium\Projects\GWNv3\RF.SchDoc with Inductor from Miscellaneous Devices.IntLib
Replace Part L2 Inductor in C:\Users\Public\Documents\Altium\Projects\GWNv3\RF.SchDoc with Inductor from Miscellaneous Devices.IntLib
Replace Part L3 Inductor in C:\Users\Public\Documents\Altium\Projects\GWNv3\RF.SchDoc with Inductor from Miscellaneous Devices.IntLib
Replace Part L4 Inductor in C:\Users\Public\Documents\Altium\Projects\GWNv3\RF.SchDoc with Inductor from Miscellaneous Devices.IntLib
Replace Part L5 Inductor in C:\Users\Public\Documents\Altium\Projects\GWNv3\RF.SchDoc with Inductor from Miscellaneous Devices.IntLib
Replace Part RB1 RPot SM in C:\Users\Public\Documents\Altium\Projects\GWNv3\RF.SchDoc with RPot SM from Miscellaneous Devices.IntLib
Replace Part RB2 RPot SM in C:\Users\Public\Documents\Altium\Projects\GWNv3\RF.SchDoc with RPot SM from Miscellaneous Devices.IntLib
Replace Part RB3A RPot SM in C:\Users\Public\Documents\Altium\Projects\GWNv3\RF.SchDoc with RPot SM from Miscellaneous Devices.IntLib
Replace Part RB3B RPot SM in C:\Users\Public\Documents\Altium\Projects\GWNv3\RF.SchDoc with RPot SM from Miscellaneous Devices.IntLib
Replace Part RB4 RPot SM in C:\Users\Public\Documents\Altium\Projects\GWNv3\RF.SchDoc with RPot SM from Miscellaneous Devices.IntLib
Replace Part RB5A RPot SM in C:\Users\Public\Documents\Altium\Projects\GWNv3\RF.SchDoc with RPot SM from Miscellaneous Devices.IntLib
Replace Part RB5B RPot SM in C:\Users\Public\Documents\Altium\Projects\GWNv3\RF.SchDoc with RPot SM from Miscellaneous Devices.IntLib
Replace Part U7 MAAL-011130 in C:\Users\Public\Documents\Altium\Projects\GWNv3\RF.SchDoc with MAAL-011130 from Vocore2Parts.SchLib
Replace Part U8 HMC589AST89E in C:\Users\Public\Documents\Altium\Projects\GWNv3\RF.SchDoc with HMC589AST89E from Vocore2Parts.SchLib
Replace Part U8 HMC589AST89E in C:\Users\Public\Documents\Altium\Projects\GWNv3\RF.SchDoc with HMC589AST89E from Vocore2Parts.SchLib
Replace Part U9 MAX2473 in C:\Users\Public\Documents\Altium\Projects\GWNv3\RF.SchDoc with MAX2473 from Vocore2Parts.SchLib
Replace Part U10 MAAL-011130 in C:\Users\Public\Documents\Altium\Projects\GWNv3\RF.SchDoc with MAAL-011130 from Vocore2Parts.SchLib
Replace Part U11 MAAL-011130 in C:\Users\Public\Documents\Altium\Projects\GWNv3\RF.SchDoc with MAAL-011130 from Vocore2Parts.SchLib
Replace Part VDD1 Header 2 in C:\Users\Public\Documents\Altium\Projects\GWNv3\RF.SchDoc with Header 2 from Miscellaneous Connectors.IntLib
Replace Part VDD2 Header 2 in C:\Users\Public\Documents\Altium\Projects\GWNv3\RF.SchDoc with Header 2 from Miscellaneous Connectors.IntLib
Replace Part VDD3 Header 2 in C:\Users\Public\Documents\Altium\Projects\GWNv3\RF.SchDoc with Header 2 from Miscellaneous Connectors.IntLib
